<?xml version="1.0" encoding="UTF-8"?>

<mule xmlns:db="http://www.mulesoft.org/schema/mule/db"
	xmlns:sfdc="http://www.mulesoft.org/schema/mule/sfdc"
	xmlns:json="http://www.mulesoft.org/schema/mule/json" xmlns="http://www.mulesoft.org/schema/mule/core"
	xmlns:doc="http://www.mulesoft.org/schema/mule/documentation"
	xmlns:spring="http://www.springframework.org/schema/beans" version="EE-3.6.2"
	xmlns:xsi="http://www.w3.org/2001/XMLSchema-instance"
	xsi:schemaLocation="http://www.mulesoft.org/schema/mule/db http://www.mulesoft.org/schema/mule/db/current/mule-db.xsd
http://www.springframework.org/schema/beans http://www.springframework.org/schema/beans/spring-beans-current.xsd
http://www.mulesoft.org/schema/mule/core http://www.mulesoft.org/schema/mule/core/current/mule.xsd
http://www.mulesoft.org/schema/mule/sfdc http://www.mulesoft.org/schema/mule/sfdc/current/mule-sfdc.xsd
http://www.mulesoft.org/schema/mule/json http://www.mulesoft.org/schema/mule/json/current/mule-json.xsd">
    <sub-flow name="createContactInDatabaseFlow" doc:name="createContactInDatabaseFlow">
        <logger message="xxxxxxxxxxxx #[payload]" level="INFO" doc:name="Logger"/>
        <db:insert config-ref="Database" doc:name="Database">
            <db:parameterized-query><![CDATA[INSERT INTO contact (LastName, AccountName, Email) 
VALUES(#[payload['LastName']], #[payload['AccountName']], #[payload['Email']]);]]></db:parameterized-query>
        </db:insert>
        <logger message="yyyyyyyyyyyyy #[payload]" level="INFO" doc:name="Logger"/>
    </sub-flow>


	<!-- Contact management flows -->

	
	
	<!-- Account management flows -->

	
	
	<!-- Additional test configurations -->
    <sub-flow name="queryContactFromSalesforceFlow" doc:name="queryContactFromSalesforceFlow">
		<sfdc:query-single config-ref="Salesforce"
			query="SELECT Id, Name, FirstName, LastName, Email, Description, AccountId, Account.Name FROM Contact WHERE (LastName = '#[payload['LastName']]'  )"
			doc:name="Salesforce" />
        <logger message="queryContactFromBFlow response #[payload]" level="INFO" doc:name="Logger"/>
	</sub-flow>
    <sub-flow name="deleteContactFromSalesforceFlow" doc:name="deleteContactFromSalesforceFlow">
		<sfdc:delete config-ref="Salesforce" doc:name="Salesforce">
			<sfdc:ids ref="#[payload]" />
		</sfdc:delete>
	</sub-flow>


</mule>